<?xml version="1.0" encoding="UTF-8"?>
<!-- Generated by org.testng.reporters.JUnitReportReporter -->
<testsuite hostname="Silent-Guardian" name="selenium2.ExcelTest" tests="2" failures="0" timestamp="23 Jun 2020 18:54:26 GMT" time="38.911" errors="0">
  <testcase name="b_Test" time="34.505" classname="selenium2.ExcelTest"/>
  <testcase name="a_Test" time="4.406" classname="selenium2.ExcelTest"/>
</testsuite> <!-- selenium2.ExcelTest -->
